This file contains any messages produced by compilers while
running configure, to aid debugging if configure makes a mistake.

It was created by simfold configure 1.0, which was
generated by GNU Autoconf 2.69.  Invocation command line was

  $ ./configure --prefix=/home/hiufungk/Desktop/simfold_library

## --------- ##
## Platform. ##
## --------- ##

hostname = 593851-PC
uname -m = x86_64
uname -r = 3.10.0-514.16.1.el7.x86_64
uname -s = Linux
uname -v = #1 SMP Wed Apr 12 15:04:24 UTC 2017

/usr/bin/uname -p = x86_64
/bin/uname -X     = unknown

/bin/arch              = x86_64
/usr/bin/arch -k       = unknown
/usr/convex/getsysinfo = unknown
/usr/bin/hostinfo      = unknown
/bin/machine           = unknown
/usr/bin/oslevel       = unknown
/bin/universe          = unknown

PATH: /opt/maven/bin
PATH: /usr/lib64/qt-3.3/bin
PATH: /home/hiufungk/perl5/bin
PATH: /opt/maven/bin
PATH: /usr/local/bin
PATH: /usr/local/sbin
PATH: /usr/bin
PATH: /usr/sbin
PATH: /bin
PATH: /sbin
PATH: /home/hiufungk/.local/bin
PATH: /home/hiufungk/bin


## ----------- ##
## Core tests. ##
## ----------- ##

configure:2410: checking for g++
configure:2426: found /usr/bin/g++
configure:2437: result: g++
configure:2464: checking for C++ compiler version
configure:2473: g++ --version >&5
g++ (GCC) 4.8.5 20150623 (Red Hat 4.8.5-11)
Copyright (C) 2015 Free Software Foundation, Inc.
This is free software; see the source for copying conditions.  There is NO
warranty; not even for MERCHANTABILITY or FITNESS FOR A PARTICULAR PURPOSE.

configure:2484: $? = 0
configure:2473: g++ -v >&5
Using built-in specs.
COLLECT_GCC=g++
COLLECT_LTO_WRAPPER=/usr/libexec/gcc/x86_64-redhat-linux/4.8.5/lto-wrapper
Target: x86_64-redhat-linux
Configured with: ../configure --prefix=/usr --mandir=/usr/share/man --infodir=/usr/share/info --with-bugurl=http://bugzilla.redhat.com/bugzilla --enable-bootstrap --enable-shared --enable-threads=posix --enable-checking=release --with-system-zlib --enable-__cxa_atexit --disable-libunwind-exceptions --enable-gnu-unique-object --enable-linker-build-id --with-linker-hash-style=gnu --enable-languages=c,c++,objc,obj-c++,java,fortran,ada,go,lto --enable-plugin --enable-initfini-array --disable-libgcj --with-isl=/builddir/build/BUILD/gcc-4.8.5-20150702/obj-x86_64-redhat-linux/isl-install --with-cloog=/builddir/build/BUILD/gcc-4.8.5-20150702/obj-x86_64-redhat-linux/cloog-install --enable-gnu-indirect-function --with-tune=generic --with-arch_32=x86-64 --build=x86_64-redhat-linux
Thread model: posix
gcc version 4.8.5 20150623 (Red Hat 4.8.5-11) (GCC) 
configure:2484: $? = 0
configure:2473: g++ -V >&5
g++: error: unrecognized command line option '-V'
g++: fatal error: no input files
compilation terminated.
configure:2484: $? = 4
configure:2473: g++ -qversion >&5
g++: error: unrecognized command line option '-qversion'
g++: fatal error: no input files
compilation terminated.
configure:2484: $? = 4
configure:2504: checking whether the C++ compiler works
configure:2526: g++    conftest.cpp  >&5
configure:2530: $? = 0
configure:2578: result: yes
configure:2581: checking for C++ compiler default output file name
configure:2583: result: a.out
configure:2589: checking for suffix of executables
configure:2596: g++ -o conftest    conftest.cpp  >&5
configure:2600: $? = 0
configure:2622: result: 
configure:2644: checking whether we are cross compiling
configure:2652: g++ -o conftest    conftest.cpp  >&5
configure:2656: $? = 0
configure:2663: ./conftest
configure:2667: $? = 0
configure:2682: result: no
configure:2687: checking for suffix of object files
configure:2709: g++ -c   conftest.cpp >&5
configure:2713: $? = 0
configure:2734: result: o
configure:2738: checking whether we are using the GNU C++ compiler
configure:2757: g++ -c   conftest.cpp >&5
configure:2757: $? = 0
configure:2766: result: yes
configure:2775: checking whether g++ accepts -g
configure:2795: g++ -c -g  conftest.cpp >&5
configure:2795: $? = 0
configure:2836: result: yes
configure:2864: checking how to run the C++ preprocessor
configure:2891: g++ -E  conftest.cpp
configure:2891: $? = 0
configure:2905: g++ -E  conftest.cpp
conftest.cpp:9:28: fatal error: ac_nonexistent.h: No such file or directory
 #include <ac_nonexistent.h>
                            ^
compilation terminated.
configure:2905: $? = 1
configure: failed program was:
| /* confdefs.h */
| #define PACKAGE_NAME "simfold"
| #define PACKAGE_TARNAME "simfold"
| #define PACKAGE_VERSION "1.0"
| #define PACKAGE_STRING "simfold 1.0"
| #define PACKAGE_BUGREPORT "jabbari@ualberta.ca"
| #define PACKAGE_URL ""
| /* end confdefs.h.  */
| #include <ac_nonexistent.h>
configure:2930: result: g++ -E
configure:2950: g++ -E  conftest.cpp
configure:2950: $? = 0
configure:2964: g++ -E  conftest.cpp
conftest.cpp:9:28: fatal error: ac_nonexistent.h: No such file or directory
 #include <ac_nonexistent.h>
                            ^
compilation terminated.
configure:2964: $? = 1
configure: failed program was:
| /* confdefs.h */
| #define PACKAGE_NAME "simfold"
| #define PACKAGE_TARNAME "simfold"
| #define PACKAGE_VERSION "1.0"
| #define PACKAGE_STRING "simfold 1.0"
| #define PACKAGE_BUGREPORT "jabbari@ualberta.ca"
| #define PACKAGE_URL ""
| /* end confdefs.h.  */
| #include <ac_nonexistent.h>
configure:3104: checking for C++ compiler version
configure:3113: g++ --version >&5
g++ (GCC) 4.8.5 20150623 (Red Hat 4.8.5-11)
Copyright (C) 2015 Free Software Foundation, Inc.
This is free software; see the source for copying conditions.  There is NO
warranty; not even for MERCHANTABILITY or FITNESS FOR A PARTICULAR PURPOSE.

configure:3124: $? = 0
configure:3113: g++ -v >&5
Using built-in specs.
COLLECT_GCC=g++
COLLECT_LTO_WRAPPER=/usr/libexec/gcc/x86_64-redhat-linux/4.8.5/lto-wrapper
Target: x86_64-redhat-linux
Configured with: ../configure --prefix=/usr --mandir=/usr/share/man --infodir=/usr/share/info --with-bugurl=http://bugzilla.redhat.com/bugzilla --enable-bootstrap --enable-shared --enable-threads=posix --enable-checking=release --with-system-zlib --enable-__cxa_atexit --disable-libunwind-exceptions --enable-gnu-unique-object --enable-linker-build-id --with-linker-hash-style=gnu --enable-languages=c,c++,objc,obj-c++,java,fortran,ada,go,lto --enable-plugin --enable-initfini-array --disable-libgcj --with-isl=/builddir/build/BUILD/gcc-4.8.5-20150702/obj-x86_64-redhat-linux/isl-install --with-cloog=/builddir/build/BUILD/gcc-4.8.5-20150702/obj-x86_64-redhat-linux/cloog-install --enable-gnu-indirect-function --with-tune=generic --with-arch_32=x86-64 --build=x86_64-redhat-linux
Thread model: posix
gcc version 4.8.5 20150623 (Red Hat 4.8.5-11) (GCC) 
configure:3124: $? = 0
configure:3113: g++ -V >&5
g++: error: unrecognized command line option '-V'
g++: fatal error: no input files
compilation terminated.
configure:3124: $? = 4
configure:3113: g++ -qversion >&5
g++: error: unrecognized command line option '-qversion'
g++: fatal error: no input files
compilation terminated.
configure:3124: $? = 4
configure:3128: checking whether we are using the GNU C++ compiler
configure:3156: result: yes
configure:3165: checking whether g++ accepts -g
configure:3226: result: yes
configure:3297: checking for gcc
configure:3313: found /usr/bin/gcc
configure:3324: result: gcc
configure:3553: checking for C compiler version
configure:3562: gcc --version >&5
gcc (GCC) 4.8.5 20150623 (Red Hat 4.8.5-11)
Copyright (C) 2015 Free Software Foundation, Inc.
This is free software; see the source for copying conditions.  There is NO
warranty; not even for MERCHANTABILITY or FITNESS FOR A PARTICULAR PURPOSE.

configure:3573: $? = 0
configure:3562: gcc -v >&5
Using built-in specs.
COLLECT_GCC=gcc
COLLECT_LTO_WRAPPER=/usr/libexec/gcc/x86_64-redhat-linux/4.8.5/lto-wrapper
Target: x86_64-redhat-linux
Configured with: ../configure --prefix=/usr --mandir=/usr/share/man --infodir=/usr/share/info --with-bugurl=http://bugzilla.redhat.com/bugzilla --enable-bootstrap --enable-shared --enable-threads=posix --enable-checking=release --with-system-zlib --enable-__cxa_atexit --disable-libunwind-exceptions --enable-gnu-unique-object --enable-linker-build-id --with-linker-hash-style=gnu --enable-languages=c,c++,objc,obj-c++,java,fortran,ada,go,lto --enable-plugin --enable-initfini-array --disable-libgcj --with-isl=/builddir/build/BUILD/gcc-4.8.5-20150702/obj-x86_64-redhat-linux/isl-install --with-cloog=/builddir/build/BUILD/gcc-4.8.5-20150702/obj-x86_64-redhat-linux/cloog-install --enable-gnu-indirect-function --with-tune=generic --with-arch_32=x86-64 --build=x86_64-redhat-linux
Thread model: posix
gcc version 4.8.5 20150623 (Red Hat 4.8.5-11) (GCC) 
configure:3573: $? = 0
configure:3562: gcc -V >&5
gcc: error: unrecognized command line option '-V'
gcc: fatal error: no input files
compilation terminated.
configure:3573: $? = 4
configure:3562: gcc -qversion >&5
gcc: error: unrecognized command line option '-qversion'
gcc: fatal error: no input files
compilation terminated.
configure:3573: $? = 4
configure:3577: checking whether we are using the GNU C compiler
configure:3596: gcc -c   conftest.c >&5
configure:3596: $? = 0
configure:3605: result: yes
configure:3614: checking whether gcc accepts -g
configure:3634: gcc -c -g  conftest.c >&5
configure:3634: $? = 0
configure:3675: result: yes
configure:3692: checking for gcc option to accept ISO C89
configure:3755: gcc  -c -g -O2  conftest.c >&5
configure:3755: $? = 0
configure:3768: result: none needed
configure:3836: checking for a BSD-compatible install
configure:3904: result: /usr/bin/install -c
configure:3915: checking whether build environment is sane
configure:3970: result: yes
configure:4121: checking for a thread-safe mkdir -p
configure:4160: result: /usr/bin/mkdir -p
configure:4167: checking for gawk
configure:4183: found /usr/bin/gawk
configure:4194: result: gawk
configure:4205: checking whether make sets $(MAKE)
configure:4227: result: yes
configure:4257: checking for style of include used by make
configure:4285: result: GNU
configure:4319: checking whether make supports nested variables
configure:4336: result: yes
configure:4421: checking dependency style of gcc
configure:4532: result: gcc3
configure:4549: checking dependency style of g++
configure:4660: result: gcc3
configure:4706: checking build system type
configure:4720: result: x86_64-unknown-linux-gnu
configure:4740: checking host system type
configure:4753: result: x86_64-unknown-linux-gnu
configure:4794: checking how to print strings
configure:4821: result: printf
configure:4842: checking for a sed that does not truncate output
configure:4906: result: /usr/bin/sed
configure:4924: checking for grep that handles long lines and -e
configure:4982: result: /usr/bin/grep
configure:4987: checking for egrep
configure:5049: result: /usr/bin/grep -E
configure:5054: checking for fgrep
configure:5116: result: /usr/bin/grep -F
configure:5151: checking for ld used by gcc
configure:5218: result: /usr/bin/ld
configure:5225: checking if the linker (/usr/bin/ld) is GNU ld
configure:5240: result: yes
configure:5252: checking for BSD- or MS-compatible name lister (nm)
configure:5301: result: /usr/bin/nm -B
configure:5431: checking the name lister (/usr/bin/nm -B) interface
configure:5438: gcc -c -g -O2  conftest.c >&5
configure:5441: /usr/bin/nm -B "conftest.o"
configure:5444: output
0000000000000000 B some_variable
configure:5451: result: BSD nm
configure:5454: checking whether ln -s works
configure:5458: result: yes
configure:5466: checking the maximum length of command line arguments
configure:5596: result: 1572864
configure:5613: checking whether the shell understands some XSI constructs
configure:5623: result: yes
configure:5627: checking whether the shell understands "+="
configure:5633: result: yes
configure:5668: checking how to convert x86_64-unknown-linux-gnu file names to x86_64-unknown-linux-gnu format
configure:5708: result: func_convert_file_noop
configure:5715: checking how to convert x86_64-unknown-linux-gnu file names to toolchain format
configure:5735: result: func_convert_file_noop
configure:5742: checking for /usr/bin/ld option to reload object files
configure:5749: result: -r
configure:5823: checking for objdump
configure:5839: found /usr/bin/objdump
configure:5850: result: objdump
configure:5882: checking how to recognize dependent libraries
configure:6084: result: pass_all
configure:6169: checking for dlltool
configure:6199: result: no
configure:6229: checking how to associate runtime and link libraries
configure:6256: result: printf %s\n
configure:6317: checking for ar
configure:6333: found /usr/bin/ar
configure:6344: result: ar
configure:6381: checking for archiver @FILE support
configure:6398: gcc -c -g -O2  conftest.c >&5
configure:6398: $? = 0
configure:6401: ar cru libconftest.a @conftest.lst >&5
configure:6404: $? = 0
configure:6409: ar cru libconftest.a @conftest.lst >&5
ar: conftest.o: No such file or directory
configure:6412: $? = 1
configure:6424: result: @
configure:6482: checking for strip
configure:6498: found /usr/bin/strip
configure:6509: result: strip
configure:6581: checking for ranlib
configure:6597: found /usr/bin/ranlib
configure:6608: result: ranlib
configure:6710: checking command to parse /usr/bin/nm -B output from gcc object
configure:6830: gcc -c -g -O2  conftest.c >&5
configure:6833: $? = 0
configure:6837: /usr/bin/nm -B conftest.o \| sed -n -e 's/^.*[ ]\([ABCDGIRSTW][ABCDGIRSTW]*\)[ ][ ]*\([_A-Za-z][_A-Za-z0-9]*\)$/\1 \2 \2/p' | sed '/ __gnu_lto/d' \> conftest.nm
configure:6840: $? = 0
configure:6906: gcc -o conftest -g -O2   conftest.c conftstm.o >&5
configure:6909: $? = 0
configure:6947: result: ok
configure:6984: checking for sysroot
configure:7014: result: no
configure:7091: gcc -c -g -O2  conftest.c >&5
configure:7094: $? = 0
configure:7270: checking for mt
configure:7300: result: no
configure:7320: checking if : is a manifest tool
configure:7326: : '-?'
configure:7334: result: no
configure:7976: checking how to run the C preprocessor
configure:8007: gcc -E  conftest.c
configure:8007: $? = 0
configure:8021: gcc -E  conftest.c
conftest.c:11:28: fatal error: ac_nonexistent.h: No such file or directory
 #include <ac_nonexistent.h>
                            ^
compilation terminated.
configure:8021: $? = 1
configure: failed program was:
| /* confdefs.h */
| #define PACKAGE_NAME "simfold"
| #define PACKAGE_TARNAME "simfold"
| #define PACKAGE_VERSION "1.0"
| #define PACKAGE_STRING "simfold 1.0"
| #define PACKAGE_BUGREPORT "jabbari@ualberta.ca"
| #define PACKAGE_URL ""
| #define PACKAGE "simfold"
| #define VERSION "1.0"
| /* end confdefs.h.  */
| #include <ac_nonexistent.h>
configure:8046: result: gcc -E
configure:8066: gcc -E  conftest.c
configure:8066: $? = 0
configure:8080: gcc -E  conftest.c
conftest.c:11:28: fatal error: ac_nonexistent.h: No such file or directory
 #include <ac_nonexistent.h>
                            ^
compilation terminated.
configure:8080: $? = 1
configure: failed program was:
| /* confdefs.h */
| #define PACKAGE_NAME "simfold"
| #define PACKAGE_TARNAME "simfold"
| #define PACKAGE_VERSION "1.0"
| #define PACKAGE_STRING "simfold 1.0"
| #define PACKAGE_BUGREPORT "jabbari@ualberta.ca"
| #define PACKAGE_URL ""
| #define PACKAGE "simfold"
| #define VERSION "1.0"
| /* end confdefs.h.  */
| #include <ac_nonexistent.h>
configure:8109: checking for ANSI C header files
configure:8129: gcc -c -g -O2  conftest.c >&5
configure:8129: $? = 0
configure:8202: gcc -o conftest -g -O2   conftest.c  >&5
configure:8202: $? = 0
configure:8202: ./conftest
configure:8202: $? = 0
configure:8213: result: yes
configure:8226: checking for sys/types.h
configure:8226: gcc -c -g -O2  conftest.c >&5
configure:8226: $? = 0
configure:8226: result: yes
configure:8226: checking for sys/stat.h
configure:8226: gcc -c -g -O2  conftest.c >&5
configure:8226: $? = 0
configure:8226: result: yes
configure:8226: checking for stdlib.h
configure:8226: gcc -c -g -O2  conftest.c >&5
configure:8226: $? = 0
configure:8226: result: yes
configure:8226: checking for string.h
configure:8226: gcc -c -g -O2  conftest.c >&5
configure:8226: $? = 0
configure:8226: result: yes
configure:8226: checking for memory.h
configure:8226: gcc -c -g -O2  conftest.c >&5
configure:8226: $? = 0
configure:8226: result: yes
configure:8226: checking for strings.h
configure:8226: gcc -c -g -O2  conftest.c >&5
configure:8226: $? = 0
configure:8226: result: yes
configure:8226: checking for inttypes.h
configure:8226: gcc -c -g -O2  conftest.c >&5
configure:8226: $? = 0
configure:8226: result: yes
configure:8226: checking for stdint.h
configure:8226: gcc -c -g -O2  conftest.c >&5
configure:8226: $? = 0
configure:8226: result: yes
configure:8226: checking for unistd.h
configure:8226: gcc -c -g -O2  conftest.c >&5
configure:8226: $? = 0
configure:8226: result: yes
configure:8240: checking for dlfcn.h
configure:8240: gcc -c -g -O2  conftest.c >&5
configure:8240: $? = 0
configure:8240: result: yes
configure:8457: checking for objdir
configure:8472: result: .libs
configure:8743: checking if gcc supports -fno-rtti -fno-exceptions
configure:8761: gcc -c -g -O2  -fno-rtti -fno-exceptions conftest.c >&5
cc1: warning: command line option '-fno-rtti' is valid for C++/ObjC++ but not for C [enabled by default]
configure:8765: $? = 0
configure:8778: result: no
configure:9105: checking for gcc option to produce PIC
configure:9112: result: -fPIC -DPIC
configure:9120: checking if gcc PIC flag -fPIC -DPIC works
configure:9138: gcc -c -g -O2  -fPIC -DPIC -DPIC conftest.c >&5
configure:9142: $? = 0
configure:9155: result: yes
configure:9184: checking if gcc static flag -static works
configure:9212: result: no
configure:9227: checking if gcc supports -c -o file.o
configure:9248: gcc -c -g -O2  -o out/conftest2.o conftest.c >&5
configure:9252: $? = 0
configure:9274: result: yes
configure:9282: checking if gcc supports -c -o file.o
configure:9329: result: yes
configure:9362: checking whether the gcc linker (/usr/bin/ld -m elf_x86_64) supports shared libraries
configure:10515: result: yes
configure:10552: checking whether -lc should be explicitly linked in
configure:10560: gcc -c -g -O2  conftest.c >&5
configure:10563: $? = 0
configure:10578: gcc -shared  -fPIC -DPIC conftest.o  -v -Wl,-soname -Wl,conftest -o conftest 2\>\&1 \| /usr/bin/grep  -lc  \>/dev/null 2\>\&1
configure:10581: $? = 0
configure:10595: result: no
configure:10755: checking dynamic linker characteristics
configure:11266: gcc -o conftest -g -O2   -Wl,-rpath -Wl,/foo conftest.c  >&5
configure:11266: $? = 0
configure:11492: result: GNU/Linux ld.so
configure:11599: checking how to hardcode library paths into programs
configure:11624: result: immediate
configure:12164: checking whether stripping libraries is possible
configure:12169: result: yes
configure:12204: checking if libtool supports shared libraries
configure:12206: result: yes
configure:12209: checking whether to build shared libraries
configure:12230: result: yes
configure:12233: checking whether to build static libraries
configure:12237: result: yes
configure:12260: checking how to run the C++ preprocessor
configure:12326: result: g++ -E
configure:12346: g++ -E  conftest.cpp
configure:12346: $? = 0
configure:12360: g++ -E  conftest.cpp
conftest.cpp:23:28: fatal error: ac_nonexistent.h: No such file or directory
 #include <ac_nonexistent.h>
                            ^
compilation terminated.
configure:12360: $? = 1
configure: failed program was:
| /* confdefs.h */
| #define PACKAGE_NAME "simfold"
| #define PACKAGE_TARNAME "simfold"
| #define PACKAGE_VERSION "1.0"
| #define PACKAGE_STRING "simfold 1.0"
| #define PACKAGE_BUGREPORT "jabbari@ualberta.ca"
| #define PACKAGE_URL ""
| #define PACKAGE "simfold"
| #define VERSION "1.0"
| #define STDC_HEADERS 1
| #define HAVE_SYS_TYPES_H 1
| #define HAVE_SYS_STAT_H 1
| #define HAVE_STDLIB_H 1
| #define HAVE_STRING_H 1
| #define HAVE_MEMORY_H 1
| #define HAVE_STRINGS_H 1
| #define HAVE_INTTYPES_H 1
| #define HAVE_STDINT_H 1
| #define HAVE_UNISTD_H 1
| #define HAVE_DLFCN_H 1
| #define LT_OBJDIR ".libs/"
| /* end confdefs.h.  */
| #include <ac_nonexistent.h>
configure:12529: checking for ld used by g++
configure:12596: result: /usr/bin/ld -m elf_x86_64
configure:12603: checking if the linker (/usr/bin/ld -m elf_x86_64) is GNU ld
configure:12618: result: yes
configure:12673: checking whether the g++ linker (/usr/bin/ld -m elf_x86_64) supports shared libraries
configure:13678: result: yes
configure:13714: g++ -c -g -O2  conftest.cpp >&5
configure:13717: $? = 0
configure:14237: checking for g++ option to produce PIC
configure:14244: result: -fPIC -DPIC
configure:14252: checking if g++ PIC flag -fPIC -DPIC works
configure:14270: g++ -c -g -O2  -fPIC -DPIC -DPIC conftest.cpp >&5
configure:14274: $? = 0
configure:14287: result: yes
configure:14310: checking if g++ static flag -static works
configure:14338: result: no
configure:14350: checking if g++ supports -c -o file.o
configure:14371: g++ -c -g -O2  -o out/conftest2.o conftest.cpp >&5
configure:14375: $? = 0
configure:14397: result: yes
configure:14402: checking if g++ supports -c -o file.o
configure:14449: result: yes
configure:14479: checking whether the g++ linker (/usr/bin/ld -m elf_x86_64) supports shared libraries
configure:14515: result: yes
configure:14656: checking dynamic linker characteristics
configure:15327: result: GNU/Linux ld.so
configure:15380: checking how to hardcode library paths into programs
configure:15405: result: immediate
configure:15481: checking whether g++ supports C++11 features by default
configure:15536: g++ -c -g -O2  conftest.cpp >&5
conftest.cpp:27:21: error: expected identifier before 'sizeof'
       static_assert(sizeof(int) <= sizeof(T), "not big enough");
                     ^
conftest.cpp:27:21: error: expected ',' or '...' before 'sizeof'
conftest.cpp:27:63: error: ISO C++ forbids declaration of 'static_assert' with no type [-fpermissive]
       static_assert(sizeof(int) <= sizeof(T), "not big enough");
                                                               ^
conftest.cpp:34:20: warning: override controls (override/final) only available with -std=c++11 or -std=gnu++11 [enabled by default]
     virtual void f() override {}
                    ^
conftest.cpp:37:29: error: '>>' should be '> >' within a nested template argument list
     typedef check<check<bool>> right_angle_brackets;
                             ^
conftest.cpp:40:13: error: expected constructor, destructor, or type conversion before '(' token
     decltype(a) b;
             ^
conftest.cpp:44:15: error: expected unqualified-id before '&&' token
     check_type&& cr = static_cast<check_type&&>(c);
               ^
conftest.cpp:46:10: error: 'd' does not name a type
     auto d = a;
          ^
conftest.cpp:47:10: error: 'l' does not name a type
     auto l = [](){};
          ^
conftest.cpp:55:9: error: expected unqualified-id before 'using'
         using member = typename T::member_type;
         ^
conftest.cpp:61:19: error: variable or field 'func' declared void
         void func(member<T>*) {}
                   ^
conftest.cpp:61:19: error: 'member' was not declared in this scope
conftest.cpp:61:27: error: expected primary-expression before '>' token
         void func(member<T>*) {}
                           ^
conftest.cpp:61:29: error: expected primary-expression before ')' token
         void func(member<T>*) {}
                             ^
configure:15536: $? = 1
configure: failed program was:
| /* confdefs.h */
| #define PACKAGE_NAME "simfold"
| #define PACKAGE_TARNAME "simfold"
| #define PACKAGE_VERSION "1.0"
| #define PACKAGE_STRING "simfold 1.0"
| #define PACKAGE_BUGREPORT "jabbari@ualberta.ca"
| #define PACKAGE_URL ""
| #define PACKAGE "simfold"
| #define VERSION "1.0"
| #define STDC_HEADERS 1
| #define HAVE_SYS_TYPES_H 1
| #define HAVE_SYS_STAT_H 1
| #define HAVE_STDLIB_H 1
| #define HAVE_STRING_H 1
| #define HAVE_MEMORY_H 1
| #define HAVE_STRINGS_H 1
| #define HAVE_INTTYPES_H 1
| #define HAVE_STDINT_H 1
| #define HAVE_UNISTD_H 1
| #define HAVE_DLFCN_H 1
| #define LT_OBJDIR ".libs/"
| /* end confdefs.h.  */
| 
|   template <typename T>
|     struct check
|     {
|       static_assert(sizeof(int) <= sizeof(T), "not big enough");
|     };
| 
|     struct Base {
|     virtual void f() {}
|     };
|     struct Child : public Base {
|     virtual void f() override {}
|     };
| 
|     typedef check<check<bool>> right_angle_brackets;
| 
|     int a;
|     decltype(a) b;
| 
|     typedef check<int> check_type;
|     check_type c;
|     check_type&& cr = static_cast<check_type&&>(c);
| 
|     auto d = a;
|     auto l = [](){};
| 
|     // http://stackoverflow.com/questions/13728184/template-aliases-and-sfinae
|     // Clang 3.1 fails with headers of libstd++ 4.8.3 when using std::function because of this
|     namespace test_template_alias_sfinae {
|         struct foo {};
| 
|         template<typename T>
|         using member = typename T::member_type;
| 
|         template<typename T>
|         void func(...) {}
| 
|         template<typename T>
|         void func(member<T>*) {}
| 
|         void test();
| 
|         void test() {
|             func<foo>(0);
|         }
|     }
| 
configure:15543: result: no
configure:15552: checking whether g++ supports C++11 features with -std=gnu++11
configure:15609: g++ -c -g -O2 -std=gnu++11  conftest.cpp >&5
configure:15609: $? = 0
configure:15618: result: yes
configure:15733: checking for ANSI C header files
configure:15837: result: yes
configure:15846: checking for size_t
configure:15846: g++ -c -g -O2 -std=gnu++11  conftest.cpp >&5
configure:15846: $? = 0
configure:15846: g++ -c -g -O2 -std=gnu++11  conftest.cpp >&5
conftest.cpp: In function 'int main()':
conftest.cpp:60:20: error: expected primary-expression before ')' token
 if (sizeof ((size_t)))
                    ^
configure:15846: $? = 1
configure: failed program was:
| /* confdefs.h */
| #define PACKAGE_NAME "simfold"
| #define PACKAGE_TARNAME "simfold"
| #define PACKAGE_VERSION "1.0"
| #define PACKAGE_STRING "simfold 1.0"
| #define PACKAGE_BUGREPORT "jabbari@ualberta.ca"
| #define PACKAGE_URL ""
| #define PACKAGE "simfold"
| #define VERSION "1.0"
| #define STDC_HEADERS 1
| #define HAVE_SYS_TYPES_H 1
| #define HAVE_SYS_STAT_H 1
| #define HAVE_STDLIB_H 1
| #define HAVE_STRING_H 1
| #define HAVE_MEMORY_H 1
| #define HAVE_STRINGS_H 1
| #define HAVE_INTTYPES_H 1
| #define HAVE_STDINT_H 1
| #define HAVE_UNISTD_H 1
| #define HAVE_DLFCN_H 1
| #define LT_OBJDIR ".libs/"
| #define STDC_HEADERS 1
| /* end confdefs.h.  */
| #include <stdio.h>
| #ifdef HAVE_SYS_TYPES_H
| # include <sys/types.h>
| #endif
| #ifdef HAVE_SYS_STAT_H
| # include <sys/stat.h>
| #endif
| #ifdef STDC_HEADERS
| # include <stdlib.h>
| # include <stddef.h>
| #else
| # ifdef HAVE_STDLIB_H
| #  include <stdlib.h>
| # endif
| #endif
| #ifdef HAVE_STRING_H
| # if !defined STDC_HEADERS && defined HAVE_MEMORY_H
| #  include <memory.h>
| # endif
| # include <string.h>
| #endif
| #ifdef HAVE_STRINGS_H
| # include <strings.h>
| #endif
| #ifdef HAVE_INTTYPES_H
| # include <inttypes.h>
| #endif
| #ifdef HAVE_STDINT_H
| # include <stdint.h>
| #endif
| #ifdef HAVE_UNISTD_H
| # include <unistd.h>
| #endif
| int
| main ()
| {
| if (sizeof ((size_t)))
| 	    return 0;
|   ;
|   return 0;
| }
configure:15846: result: yes
configure:16011: checking that generated files are newer than configure
configure:16017: result: done
configure:16044: creating ./config.status

## ---------------------- ##
## Running config.status. ##
## ---------------------- ##

This file was extended by simfold config.status 1.0, which was
generated by GNU Autoconf 2.69.  Invocation command line was

  CONFIG_FILES    = 
  CONFIG_HEADERS  = 
  CONFIG_LINKS    = 
  CONFIG_COMMANDS = 
  $ ./config.status 

on 593851-PC

config.status:1070: creating simfold.pc
config.status:1070: creating Makefile
config.status:1242: executing depfiles commands
config.status:1242: executing libtool commands

## ---------------- ##
## Cache variables. ##
## ---------------- ##

ac_cv_build=x86_64-unknown-linux-gnu
ac_cv_c_compiler_gnu=yes
ac_cv_cxx_compiler_gnu=yes
ac_cv_env_CCC_set=
ac_cv_env_CCC_value=
ac_cv_env_CC_set=
ac_cv_env_CC_value=
ac_cv_env_CFLAGS_set=
ac_cv_env_CFLAGS_value=
ac_cv_env_CPPFLAGS_set=
ac_cv_env_CPPFLAGS_value=
ac_cv_env_CPP_set=
ac_cv_env_CPP_value=
ac_cv_env_CXXCPP_set=
ac_cv_env_CXXCPP_value=
ac_cv_env_CXXFLAGS_set=
ac_cv_env_CXXFLAGS_value=
ac_cv_env_CXX_set=
ac_cv_env_CXX_value=
ac_cv_env_LDFLAGS_set=
ac_cv_env_LDFLAGS_value=
ac_cv_env_LIBS_set=
ac_cv_env_LIBS_value=
ac_cv_env_build_alias_set=
ac_cv_env_build_alias_value=
ac_cv_env_host_alias_set=
ac_cv_env_host_alias_value=
ac_cv_env_target_alias_set=
ac_cv_env_target_alias_value=
ac_cv_header_dlfcn_h=yes
ac_cv_header_inttypes_h=yes
ac_cv_header_memory_h=yes
ac_cv_header_stdc=yes
ac_cv_header_stdint_h=yes
ac_cv_header_stdlib_h=yes
ac_cv_header_string_h=yes
ac_cv_header_strings_h=yes
ac_cv_header_sys_stat_h=yes
ac_cv_header_sys_types_h=yes
ac_cv_header_unistd_h=yes
ac_cv_host=x86_64-unknown-linux-gnu
ac_cv_objext=o
ac_cv_path_EGREP='/usr/bin/grep -E'
ac_cv_path_FGREP='/usr/bin/grep -F'
ac_cv_path_GREP=/usr/bin/grep
ac_cv_path_SED=/usr/bin/sed
ac_cv_path_install='/usr/bin/install -c'
ac_cv_path_mkdir=/usr/bin/mkdir
ac_cv_prog_AWK=gawk
ac_cv_prog_CPP='gcc -E'
ac_cv_prog_CXXCPP='g++ -E'
ac_cv_prog_ac_ct_AR=ar
ac_cv_prog_ac_ct_CC=gcc
ac_cv_prog_ac_ct_CXX=g++
ac_cv_prog_ac_ct_OBJDUMP=objdump
ac_cv_prog_ac_ct_RANLIB=ranlib
ac_cv_prog_ac_ct_STRIP=strip
ac_cv_prog_cc_c89=
ac_cv_prog_cc_g=yes
ac_cv_prog_cxx_g=yes
ac_cv_prog_make_make_set=yes
ac_cv_type_size_t=yes
am_cv_CC_dependencies_compiler_type=gcc3
am_cv_CXX_dependencies_compiler_type=gcc3
am_cv_make_support_nested_variables=yes
ax_cv_cxx_compile_cxx11=no
ax_cv_cxx_compile_cxx11__std_gnupp11=yes
lt_cv_ar_at_file=@
lt_cv_archive_cmds_need_lc=no
lt_cv_deplibs_check_method=pass_all
lt_cv_file_magic_cmd='$MAGIC_CMD'
lt_cv_file_magic_test_file=
lt_cv_ld_reload_flag=-r
lt_cv_nm_interface='BSD nm'
lt_cv_objdir=.libs
lt_cv_path_LD=/usr/bin/ld
lt_cv_path_LDCXX='/usr/bin/ld -m elf_x86_64'
lt_cv_path_NM='/usr/bin/nm -B'
lt_cv_path_mainfest_tool=no
lt_cv_prog_compiler_c_o=yes
lt_cv_prog_compiler_c_o_CXX=yes
lt_cv_prog_compiler_pic='-fPIC -DPIC'
lt_cv_prog_compiler_pic_CXX='-fPIC -DPIC'
lt_cv_prog_compiler_pic_works=yes
lt_cv_prog_compiler_pic_works_CXX=yes
lt_cv_prog_compiler_rtti_exceptions=no
lt_cv_prog_compiler_static_works=no
lt_cv_prog_compiler_static_works_CXX=no
lt_cv_prog_gnu_ld=yes
lt_cv_prog_gnu_ldcxx=yes
lt_cv_sharedlib_from_linklib_cmd='printf %s\n'
lt_cv_shlibpath_overrides_runpath=no
lt_cv_sys_global_symbol_pipe='sed -n -e '\''s/^.*[	 ]\([ABCDGIRSTW][ABCDGIRSTW]*\)[	 ][	 ]*\([_A-Za-z][_A-Za-z0-9]*\)$/\1 \2 \2/p'\'' | sed '\''/ __gnu_lto/d'\'''
lt_cv_sys_global_symbol_to_c_name_address='sed -n -e '\''s/^: \([^ ]*\)[ ]*$/  {\"\1\", (void *) 0},/p'\'' -e '\''s/^[ABCDGIRSTW]* \([^ ]*\) \([^ ]*\)$/  {"\2", (void *) \&\2},/p'\'''
lt_cv_sys_global_symbol_to_c_name_address_lib_prefix='sed -n -e '\''s/^: \([^ ]*\)[ ]*$/  {\"\1\", (void *) 0},/p'\'' -e '\''s/^[ABCDGIRSTW]* \([^ ]*\) \(lib[^ ]*\)$/  {"\2", (void *) \&\2},/p'\'' -e '\''s/^[ABCDGIRSTW]* \([^ ]*\) \([^ ]*\)$/  {"lib\2", (void *) \&\2},/p'\'''
lt_cv_sys_global_symbol_to_cdecl='sed -n -e '\''s/^T .* \(.*\)$/extern int \1();/p'\'' -e '\''s/^[ABCDGIRSTW]* .* \(.*\)$/extern char \1;/p'\'''
lt_cv_sys_max_cmd_len=1572864
lt_cv_to_host_file_cmd=func_convert_file_noop
lt_cv_to_tool_file_cmd=func_convert_file_noop

## ----------------- ##
## Output variables. ##
## ----------------- ##

ACLOCAL='${SHELL} /home/hiufungk/Desktop/HFold/missing aclocal-1.13'
AMDEPBACKSLASH='\'
AMDEP_FALSE='#'
AMDEP_TRUE=''
AMTAR='$${TAR-tar}'
AM_BACKSLASH='\'
AM_CXXFLAGS=''
AM_DEFAULT_V='$(AM_DEFAULT_VERBOSITY)'
AM_DEFAULT_VERBOSITY='1'
AM_LDFLAGS=''
AM_V='$(V)'
AR='ar'
AUTOCONF='${SHELL} /home/hiufungk/Desktop/HFold/missing autoconf'
AUTOHEADER='${SHELL} /home/hiufungk/Desktop/HFold/missing autoheader'
AUTOMAKE='${SHELL} /home/hiufungk/Desktop/HFold/missing automake-1.13'
AWK='gawk'
CC='gcc'
CCDEPMODE='depmode=gcc3'
CFLAGS='-g -O2'
CPP='gcc -E'
CPPFLAGS=''
CXX='g++'
CXXCPP='g++ -E'
CXXDEPMODE='depmode=gcc3'
CXXFLAGS='-g -O2 -std=gnu++11'
CYGPATH_W='echo'
DEFS='-DPACKAGE_NAME=\"simfold\" -DPACKAGE_TARNAME=\"simfold\" -DPACKAGE_VERSION=\"1.0\" -DPACKAGE_STRING=\"simfold\ 1.0\" -DPACKAGE_BUGREPORT=\"jabbari@ualberta.ca\" -DPACKAGE_URL=\"\" -DPACKAGE=\"simfold\" -DVERSION=\"1.0\" -DSTDC_HEADERS=1 -DHAVE_SYS_TYPES_H=1 -DHAVE_SYS_STAT_H=1 -DHAVE_STDLIB_H=1 -DHAVE_STRING_H=1 -DHAVE_MEMORY_H=1 -DHAVE_STRINGS_H=1 -DHAVE_INTTYPES_H=1 -DHAVE_STDINT_H=1 -DHAVE_UNISTD_H=1 -DHAVE_DLFCN_H=1 -DLT_OBJDIR=\".libs/\" -DSTDC_HEADERS=1'
DEPDIR='.deps'
DLLTOOL='false'
DSYMUTIL=''
DUMPBIN=''
ECHO_C=''
ECHO_N='-n'
ECHO_T=''
EGREP='/usr/bin/grep -E'
EXEEXT=''
FGREP='/usr/bin/grep -F'
GREP='/usr/bin/grep'
HAVE_CXX11=''
INSTALL_DATA='${INSTALL} -m 644'
INSTALL_PROGRAM='${INSTALL}'
INSTALL_SCRIPT='${INSTALL}'
INSTALL_STRIP_PROGRAM='$(install_sh) -c -s'
LD='/usr/bin/ld -m elf_x86_64'
LDFLAGS=''
LIBOBJS=''
LIBS=''
LIBTOOL='$(SHELL) $(top_builddir)/libtool'
LIPO=''
LN_S='ln -s'
LTLIBOBJS=''
MAKEINFO='${SHELL} /home/hiufungk/Desktop/HFold/missing makeinfo'
MANIFEST_TOOL=':'
MKDIR_P='/usr/bin/mkdir -p'
NM='/usr/bin/nm -B'
NMEDIT=''
OBJDUMP='objdump'
OBJEXT='o'
OTOOL64=''
OTOOL=''
PACKAGE='simfold'
PACKAGE_BUGREPORT='jabbari@ualberta.ca'
PACKAGE_NAME='simfold'
PACKAGE_STRING='simfold 1.0'
PACKAGE_TARNAME='simfold'
PACKAGE_URL=''
PACKAGE_VERSION='1.0'
PATH_SEPARATOR=':'
RANLIB='ranlib'
SED='/usr/bin/sed'
SET_MAKE=''
SHELL='/bin/sh'
STRIP='strip'
VERSION='1.0'
ac_ct_AR='ar'
ac_ct_CC='gcc'
ac_ct_CXX='g++'
ac_ct_DUMPBIN=''
am__EXEEXT_FALSE=''
am__EXEEXT_TRUE='#'
am__fastdepCC_FALSE='#'
am__fastdepCC_TRUE=''
am__fastdepCXX_FALSE='#'
am__fastdepCXX_TRUE=''
am__include='include'
am__isrc=''
am__leading_dot='.'
am__nodep='_no'
am__quote=''
am__tar='$${TAR-tar} chof - "$$tardir"'
am__untar='$${TAR-tar} xf -'
bindir='${exec_prefix}/bin'
build='x86_64-unknown-linux-gnu'
build_alias=''
build_cpu='x86_64'
build_os='linux-gnu'
build_vendor='unknown'
datadir='${datarootdir}'
datarootdir='${prefix}/share'
docdir='${datarootdir}/doc/${PACKAGE_TARNAME}'
dvidir='${docdir}'
exec_prefix='${prefix}'
host='x86_64-unknown-linux-gnu'
host_alias=''
host_cpu='x86_64'
host_os='linux-gnu'
host_vendor='unknown'
htmldir='${docdir}'
includedir='${prefix}/include'
infodir='${datarootdir}/info'
install_sh='${SHELL} /home/hiufungk/Desktop/HFold/install-sh'
libdir='${exec_prefix}/lib'
libexecdir='${exec_prefix}/libexec'
localedir='${datarootdir}/locale'
localstatedir='${prefix}/var'
mandir='${datarootdir}/man'
mkdir_p='$(MKDIR_P)'
oldincludedir='/usr/include'
pdfdir='${docdir}'
prefix='/home/hiufungk/Desktop/simfold_library'
program_transform_name='s,x,x,'
psdir='${docdir}'
sbindir='${exec_prefix}/sbin'
sharedstatedir='${prefix}/com'
sysconfdir='${prefix}/etc'
target_alias=''

## ----------- ##
## confdefs.h. ##
## ----------- ##

/* confdefs.h */
#define PACKAGE_NAME "simfold"
#define PACKAGE_TARNAME "simfold"
#define PACKAGE_VERSION "1.0"
#define PACKAGE_STRING "simfold 1.0"
#define PACKAGE_BUGREPORT "jabbari@ualberta.ca"
#define PACKAGE_URL ""
#define PACKAGE "simfold"
#define VERSION "1.0"
#define STDC_HEADERS 1
#define HAVE_SYS_TYPES_H 1
#define HAVE_SYS_STAT_H 1
#define HAVE_STDLIB_H 1
#define HAVE_STRING_H 1
#define HAVE_MEMORY_H 1
#define HAVE_STRINGS_H 1
#define HAVE_INTTYPES_H 1
#define HAVE_STDINT_H 1
#define HAVE_UNISTD_H 1
#define HAVE_DLFCN_H 1
#define LT_OBJDIR ".libs/"
#define STDC_HEADERS 1

configure: exit 0
